\BOOKMARK [1][-]{appendix.Alph1}{Εργαλεία Και Τεχνικές}{}% 1
\BOOKMARK [2][-]{subsection.Alph1.1}{Πλαίσιο Λογισμικού - PHP}{appendix.Alph1}% 2
\BOOKMARK [2][-]{subsection.Alph1.2}{Περιβάλλον Ανάπτυξης}{appendix.Alph1}% 3
\BOOKMARK [2][-]{subsection.Alph1.3}{Σύστημα Ελέγχου Εκδόσεων}{appendix.Alph1}% 4
\BOOKMARK [2][-]{subsection.Alph1.4}{Βάση Δεδομένων}{appendix.Alph1}% 5
\BOOKMARK [2][-]{subsection.Alph1.5}{Καλές Πρακτικές API}{appendix.Alph1}% 6
\BOOKMARK [3][-]{subsubsection.Alph1.5.1}{API\040Resources}{subsection.Alph1.5}% 7
\BOOKMARK [3][-]{subsubsection.Alph1.5.2}{Fields}{subsection.Alph1.5}% 8
\BOOKMARK [3][-]{subsubsection.Alph1.5.3}{Where}{subsection.Alph1.5}% 9
\BOOKMARK [3][-]{subsubsection.Alph1.5.4}{Pagination}{subsection.Alph1.5}% 10
\BOOKMARK [3][-]{subsubsection.Alph1.5.5}{Aggregate}{subsection.Alph1.5}% 11
\BOOKMARK [3][-]{subsubsection.Alph1.5.6}{Group\040By}{subsection.Alph1.5}% 12
\BOOKMARK [3][-]{subsubsection.Alph1.5.7}{Between}{subsection.Alph1.5}% 13
\BOOKMARK [3][-]{subsubsection.Alph1.5.8}{Formats}{subsection.Alph1.5}% 14
\BOOKMARK [3][-]{subsubsection.Alph1.5.9}{HTTP\040error}{subsection.Alph1.5}% 15
\BOOKMARK [2][-]{subsection.Alph1.6}{Πλαίσιο Λογισμικού - CSS,JS}{appendix.Alph1}% 16
\BOOKMARK [2][-]{subsection.Alph1.7}{Τεχνικές Βελτιστοποίησης}{appendix.Alph1}% 17
\BOOKMARK [2][-]{subsection.Alph1.8}{Google\040APIs}{appendix.Alph1}% 18
\BOOKMARK [2][-]{subsection.Alph1.9}{Responsive}{appendix.Alph1}% 19
\BOOKMARK [2][-]{subsection.Alph1.10}{HTTPS κλήσεις}{appendix.Alph1}% 20
\BOOKMARK [1][-]{appendix.Alph2}{Περιπτώσεις Χρήσης}{}% 21
\BOOKMARK [2][-]{subsection.Alph2.1}{Εγγραφή χρήστη}{appendix.Alph2}% 22
\BOOKMARK [2][-]{subsection.Alph2.2}{LogIn χρήστη}{appendix.Alph2}% 23
\BOOKMARK [2][-]{subsection.Alph2.3}{Πλήθος πρατηρίων}{appendix.Alph2}% 24
\BOOKMARK [2][-]{subsection.Alph2.4}{Λήψη μέγιστης, ελάχιστης και μέσης τιμής}{appendix.Alph2}% 25
\BOOKMARK [2][-]{subsection.Alph2.5}{Λήψη τιμοκαταλόγου πρατηρίου}{appendix.Alph2}% 26
\BOOKMARK [2][-]{subsection.Alph2.6}{Λήψη δεδομένων πρατηρίων}{appendix.Alph2}% 27
\BOOKMARK [2][-]{subsection.Alph2.7}{Έλεγχος παραγγελιών από πρατηριούχο}{appendix.Alph2}% 28
\BOOKMARK [2][-]{subsection.Alph2.8}{Ενημέρωση τιμών στο σύστημα από πρατηριούχους}{appendix.Alph2}% 29
\BOOKMARK [2][-]{subsection.Alph2.9}{Αποστολή δεδομένων παραγγελίας από πλευράς χρήστη}{appendix.Alph2}% 30
\BOOKMARK [2][-]{subsection.Alph2.10}{Επιλογή default fuel type για την απεικόνιση των max, min, avg τιμών}{appendix.Alph2}% 31
\BOOKMARK [2][-]{subsection.Alph2.11}{Μεταβίβαση σε επιλεγμένη περιοχή}{appendix.Alph2}% 32
\BOOKMARK [2][-]{subsection.Alph2.12}{Επιλογή Geolocation}{appendix.Alph2}% 33
\BOOKMARK [1][-]{figure.41}{References}{}% 34
